2021-01-15 23:31:57,278 - com.nobroker.testcases.VerifyAbuseReport -INFO - initilizing framework
2021-01-15 23:32:27,832 - com.nobroker.testcases.VerifyAbuseReport -INFO - TimeOut:30
2021-01-15 23:32:27,866 - com.nobroker.testcases.VerifyAbuseReport -INFO - Testing
2021-01-16 00:25:44,683 - com.nobroker.testcases.VerifyAbuseReport -INFO - initilizing framework
2021-01-16 00:42:27,818 - com.nobroker.testcases.VerifyAbuseReport -INFO - initilizing framework
2021-01-16 00:42:51,387 - com.nobroker.testcases.VerifyAbuseReport -INFO - TimeOut:30
2021-01-16 00:42:58,594 - com.nobroker.testcases.VerifyAbuseReport -INFO - Testing
2021-01-16 00:43:13,715 - com.nobroker.testcases.VerifyAbuseReport -INFO - Buy option has been selected
2021-01-16 00:43:24,012 - com.nobroker.testcases.VerifyAbuseReport -INFO - clicked on the Search box
2021-01-16 00:47:47,262 - com.nobroker.testcases.VerifyAbuseReport -INFO - initilizing framework
2021-01-16 00:48:03,949 - com.nobroker.testcases.VerifyAbuseReport -INFO - TimeOut:30
2021-01-16 00:48:07,988 - com.nobroker.testcases.VerifyAbuseReport -INFO - Testing
2021-01-16 00:48:18,056 - com.nobroker.testcases.VerifyAbuseReport -INFO - Buy option has been selected
2021-01-16 00:48:34,535 - com.nobroker.testcases.VerifyAbuseReport -INFO - clicked on the Search box
2021-01-16 00:48:44,268 - com.nobroker.testcases.VerifyAbuseReport -INFO - clicked on city drop down
2021-01-16 00:49:09,275 - com.nobroker.testcases.VerifyAbuseReport -INFO - Bangalore city has been selected
2021-01-16 00:49:41,794 - com.nobroker.testcases.VerifyAbuseReport -INFO - initilizing framework
2021-01-16 00:49:57,043 - com.nobroker.testcases.VerifyAbuseReport -INFO - TimeOut:30
2021-01-16 00:49:57,085 - com.nobroker.testcases.VerifyAbuseReport -INFO - Testing
2021-01-16 00:50:01,558 - com.nobroker.testcases.VerifyAbuseReport -INFO - Buy option has been selected
2021-01-16 00:50:03,375 - com.nobroker.testcases.VerifyAbuseReport -INFO - clicked on the Search box
2021-01-16 00:50:05,834 - com.nobroker.testcases.VerifyAbuseReport -INFO - clicked on city drop down
2021-01-16 00:50:07,830 - com.nobroker.testcases.VerifyAbuseReport -INFO - Bangalore city has been selected
2021-01-16 00:58:39,682 - com.nobroker.testcases.VerifyAbuseReport -INFO - initilizing framework
2021-01-16 00:58:55,190 - com.nobroker.testcases.VerifyAbuseReport -INFO - TimeOut:30
2021-01-16 00:58:55,221 - com.nobroker.testcases.VerifyAbuseReport -INFO - Testing
2021-01-16 00:58:59,705 - com.nobroker.testcases.VerifyAbuseReport -INFO - Buy option has been selected
2021-01-16 00:59:01,613 - com.nobroker.testcases.VerifyAbuseReport -INFO - clicked on the Search box
2021-01-16 00:59:03,899 - com.nobroker.testcases.VerifyAbuseReport -INFO - clicked on city drop down
2021-01-16 00:59:05,879 - com.nobroker.testcases.VerifyAbuseReport -INFO - Bangalore city has been selected
2021-01-16 00:59:41,891 - com.nobroker.testcases.VerifyAbuseReport -INFO - initilizing framework
2021-01-16 00:59:57,525 - com.nobroker.testcases.VerifyAbuseReport -INFO - TimeOut:30
2021-01-16 01:00:04,521 - com.nobroker.testcases.VerifyAbuseReport -INFO - Testing
2021-01-16 01:00:11,430 - com.nobroker.testcases.VerifyAbuseReport -INFO - Buy option has been selected
2021-01-16 01:00:13,932 - com.nobroker.testcases.VerifyAbuseReport -INFO - clicked on the Search box
2021-01-16 01:00:17,131 - com.nobroker.testcases.VerifyAbuseReport -INFO - clicked on city drop down
2021-01-16 01:00:26,794 - com.nobroker.testcases.VerifyAbuseReport -INFO - Bangalore city has been selected
2021-01-16 01:02:06,665 - com.nobroker.testcases.VerifyAbuseReport -INFO - initilizing framework
2021-01-16 01:02:25,105 - com.nobroker.testcases.VerifyAbuseReport -INFO - TimeOut:30
2021-01-16 01:02:28,107 - com.nobroker.testcases.VerifyAbuseReport -INFO - Testing
2021-01-16 01:02:33,407 - com.nobroker.testcases.VerifyAbuseReport -INFO - Buy option has been selected
2021-01-16 01:02:34,966 - com.nobroker.testcases.VerifyAbuseReport -INFO - clicked on the Search box
2021-01-16 01:02:41,364 - com.nobroker.testcases.VerifyAbuseReport -INFO - clicked on city drop down
2021-01-16 01:02:48,602 - com.nobroker.testcases.VerifyAbuseReport -INFO - Bangalore city has been selected
2021-01-16 01:06:49,021 - com.nobroker.testcases.VerifyAbuseReport -INFO - initilizing framework
2021-01-16 01:07:04,615 - com.nobroker.testcases.VerifyAbuseReport -INFO - TimeOut:30
2021-01-16 01:07:12,747 - com.nobroker.testcases.VerifyAbuseReport -INFO - Testing
2021-01-16 01:07:18,863 - com.nobroker.testcases.VerifyAbuseReport -INFO - Buy option has been selected
2021-01-16 01:07:25,240 - com.nobroker.testcases.VerifyAbuseReport -INFO - clicked on the Search box
2021-01-16 01:07:29,542 - com.nobroker.testcases.VerifyAbuseReport -INFO - clicked on city drop down
2021-01-16 01:07:37,801 - com.nobroker.testcases.VerifyAbuseReport -INFO - Bangalore city has been selected
2021-01-16 01:18:24,901 - com.nobroker.testcases.VerifyAbuseReport -INFO - initilizing framework
2021-01-16 01:18:40,712 - com.nobroker.testcases.VerifyAbuseReport -INFO - TimeOut:30
2021-01-16 01:18:45,875 - com.nobroker.testcases.VerifyAbuseReport -INFO - Testing
2021-01-16 01:18:48,909 - com.nobroker.testcases.VerifyAbuseReport -INFO - Buy option has been selected
2021-01-16 01:18:50,203 - com.nobroker.testcases.VerifyAbuseReport -INFO - clicked on the Search box
2021-01-16 01:18:52,751 - com.nobroker.testcases.VerifyAbuseReport -INFO - clicked on city drop down
2021-01-16 01:18:56,962 - com.nobroker.testcases.VerifyAbuseReport -INFO - Bangalore city has been selected
2021-01-16 01:22:00,216 - com.nobroker.testcases.VerifyAbuseReport -INFO - initilizing framework
2021-01-16 01:22:16,554 - com.nobroker.testcases.VerifyAbuseReport -INFO - TimeOut:30
2021-01-16 01:22:18,302 - com.nobroker.testcases.VerifyAbuseReport -INFO - Testing
2021-01-16 01:22:21,045 - com.nobroker.testcases.VerifyAbuseReport -INFO - Buy option has been selected
2021-01-16 01:22:21,297 - com.nobroker.testcases.VerifyAbuseReport -INFO - clicked on the Search box
2021-01-16 01:22:24,874 - com.nobroker.testcases.VerifyAbuseReport -INFO - clicked on city drop down
2021-01-16 01:22:26,848 - com.nobroker.testcases.VerifyAbuseReport -INFO - Bangalore city has been selected
2021-01-16 01:25:27,640 - com.nobroker.testcases.VerifyAbuseReport -INFO - initilizing framework
2021-01-16 01:25:42,659 - com.nobroker.testcases.VerifyAbuseReport -INFO - TimeOut:30
2021-01-16 01:25:46,572 - com.nobroker.testcases.VerifyAbuseReport -INFO - Testing
2021-01-16 01:25:50,500 - com.nobroker.testcases.VerifyAbuseReport -INFO - Buy option has been selected
2021-01-16 01:25:51,842 - com.nobroker.testcases.VerifyAbuseReport -INFO - clicked on the Search box
2021-01-16 01:25:55,241 - com.nobroker.testcases.VerifyAbuseReport -INFO - clicked on city drop down
2021-01-16 01:25:56,378 - com.nobroker.testcases.VerifyAbuseReport -INFO - Bangalore city has been selected
2021-01-16 01:38:23,149 - com.nobroker.testcases.VerifyAbuseReport -INFO - initilizing framework
2021-01-16 01:38:39,472 - com.nobroker.testcases.VerifyAbuseReport -INFO - TimeOut:30
2021-01-16 01:39:31,264 - com.nobroker.testcases.VerifyAbuseReport -INFO - initilizing framework
2021-01-16 01:39:46,363 - com.nobroker.testcases.VerifyAbuseReport -INFO - TimeOut:30
2021-01-16 01:39:49,951 - com.nobroker.testcases.VerifyAbuseReport -INFO - Testing
2021-01-16 01:39:50,482 - com.nobroker.testcases.VerifyAbuseReport -INFO - Buy option has been selected
2021-01-16 01:39:52,708 - com.nobroker.testcases.VerifyAbuseReport -INFO - clicked on the Search box
2021-01-16 01:39:55,060 - com.nobroker.testcases.VerifyAbuseReport -INFO - clicked on city drop down
2021-01-16 01:39:57,502 - com.nobroker.testcases.VerifyAbuseReport -INFO - Bangalore city has been selected
2021-01-16 01:40:32,241 - com.nobroker.testcases.VerifyAbuseReport -INFO - Marathalli selected
2021-01-16 01:40:47,227 - com.nobroker.testcases.VerifyAbuseReport -INFO - Marathalli has been selected as a locality
2021-01-16 01:42:46,504 - com.nobroker.testcases.VerifyAbuseReport -INFO - initilizing framework
2021-01-16 01:42:50,182 - com.nobroker.testcases.VerifyAbuseReport -INFO - initilizing framework
2021-01-16 01:43:03,720 - com.nobroker.testcases.VerifyAbuseReport -INFO - TimeOut:30
2021-01-16 01:43:03,723 - com.nobroker.testcases.VerifyAbuseReport -INFO - TimeOut:30
2021-01-16 01:43:15,595 - com.nobroker.testcases.VerifyAbuseReport -INFO - Testing
2021-01-16 01:43:50,480 - com.nobroker.testcases.VerifyAbuseReport -INFO - initilizing framework
2021-01-16 01:44:05,907 - com.nobroker.testcases.VerifyAbuseReport -INFO - TimeOut:30
2021-01-16 01:44:09,452 - com.nobroker.testcases.VerifyAbuseReport -INFO - Testing
2021-01-16 01:44:13,744 - com.nobroker.testcases.VerifyAbuseReport -INFO - Buy option has been selected
2021-01-16 01:44:14,551 - com.nobroker.testcases.VerifyAbuseReport -INFO - clicked on the Search box
2021-01-16 01:44:17,017 - com.nobroker.testcases.VerifyAbuseReport -INFO - clicked on city drop down
2021-01-16 01:44:19,399 - com.nobroker.testcases.VerifyAbuseReport -INFO - Bangalore city has been selected
2021-01-16 01:44:35,762 - com.nobroker.testcases.VerifyAbuseReport -INFO - Marathalli selected
2021-01-16 01:45:03,228 - com.nobroker.testcases.VerifyAbuseReport -INFO - Marathalli has been selected as a locality
2021-01-16 01:45:32,265 - com.nobroker.testcases.VerifyAbuseReport -INFO - HSR has been selected as a locality
2021-01-16 02:10:40,506 - com.nobroker.testcases.VerifyAbuseReport -INFO - initilizing framework
2021-01-16 02:10:59,076 - com.nobroker.testcases.VerifyAbuseReport -INFO - TimeOut:30
2021-01-16 02:11:04,727 - com.nobroker.testcases.VerifyAbuseReport -INFO - Testing
2021-01-16 02:11:07,805 - com.nobroker.testcases.VerifyAbuseReport -INFO - Buy option has been selected
2021-01-16 02:11:09,644 - com.nobroker.testcases.VerifyAbuseReport -INFO - clicked on the Search box
2021-01-16 02:11:12,022 - com.nobroker.testcases.VerifyAbuseReport -INFO - clicked on city drop down
2021-01-16 02:11:16,803 - com.nobroker.testcases.VerifyAbuseReport -INFO - Bangalore city has been selected
2021-01-16 02:12:17,322 - com.nobroker.testcases.VerifyAbuseReport -INFO - Marathalli selected
2021-01-16 02:12:30,222 - com.nobroker.testcases.VerifyAbuseReport -INFO - Marathalli has been selected as a locality
2021-01-16 02:12:58,347 - com.nobroker.testcases.VerifyAbuseReport -INFO - HSR has been selected as a locality
2021-01-16 02:13:08,371 - com.nobroker.testcases.VerifyAbuseReport -INFO - Near by Radio btn clicked
2021-01-16 02:13:12,503 - com.nobroker.testcases.VerifyAbuseReport -INFO - Number of Bedroom section displayed
2021-01-16 02:13:16,704 - com.nobroker.testcases.VerifyAbuseReport -INFO - Two BHK selected
2021-01-16 02:13:22,351 - com.nobroker.testcases.VerifyAbuseReport -INFO - Three BHK selected
2021-01-16 02:17:18,139 - com.nobroker.testcases.VerifyAbuseReport -INFO - initilizing framework
2021-01-16 02:17:33,655 - com.nobroker.testcases.VerifyAbuseReport -INFO - TimeOut:30
2021-01-16 02:17:38,387 - com.nobroker.testcases.VerifyAbuseReport -INFO - Testing
2021-01-16 02:17:43,719 - com.nobroker.testcases.VerifyAbuseReport -INFO - Buy option has been selected
2021-01-16 02:17:46,480 - com.nobroker.testcases.VerifyAbuseReport -INFO - clicked on the Search box
2021-01-16 02:17:50,057 - com.nobroker.testcases.VerifyAbuseReport -INFO - clicked on city drop down
2021-01-16 02:17:57,241 - com.nobroker.testcases.VerifyAbuseReport -INFO - Bangalore city has been selected
2021-01-16 02:18:24,466 - com.nobroker.testcases.VerifyAbuseReport -INFO - Marathalli selected
2021-01-16 02:18:30,096 - com.nobroker.testcases.VerifyAbuseReport -INFO - Marathalli has been selected as a locality
2021-01-16 02:18:48,289 - com.nobroker.testcases.VerifyAbuseReport -INFO - HSR has been selected as a locality
2021-01-16 02:18:54,715 - com.nobroker.testcases.VerifyAbuseReport -INFO - Near by Radio btn clicked
2021-01-16 02:18:57,332 - com.nobroker.testcases.VerifyAbuseReport -INFO - Number of Bedroom section displayed
2021-01-16 02:19:00,376 - com.nobroker.testcases.VerifyAbuseReport -INFO - Two BHK selected
2021-01-16 02:19:02,990 - com.nobroker.testcases.VerifyAbuseReport -INFO - Three BHK selected
2021-01-16 02:26:23,898 - com.nobroker.testcases.VerifyAbuseReport -INFO - initilizing framework
2021-01-16 02:26:40,445 - com.nobroker.testcases.VerifyAbuseReport -INFO - TimeOut:30
2021-01-16 02:26:48,791 - com.nobroker.testcases.VerifyAbuseReport -INFO - Testing
2021-01-16 02:26:49,507 - com.nobroker.testcases.VerifyAbuseReport -INFO - Buy option has been selected
2021-01-16 02:26:50,318 - com.nobroker.testcases.VerifyAbuseReport -INFO - clicked on the Search box
2021-01-16 02:26:52,830 - com.nobroker.testcases.VerifyAbuseReport -INFO - clicked on city drop down
2021-01-16 02:26:54,838 - com.nobroker.testcases.VerifyAbuseReport -INFO - Bangalore city has been selected
2021-01-16 02:27:19,966 - com.nobroker.testcases.VerifyAbuseReport -INFO - Marathalli selected
2021-01-16 02:27:27,550 - com.nobroker.testcases.VerifyAbuseReport -INFO - Marathalli has been selected as a locality
2021-01-16 02:27:48,950 - com.nobroker.testcases.VerifyAbuseReport -INFO - HSR has been selected as a locality
2021-01-16 02:27:52,951 - com.nobroker.testcases.VerifyAbuseReport -INFO - Near by Radio btn clicked
2021-01-16 02:27:55,509 - com.nobroker.testcases.VerifyAbuseReport -INFO - Number of Bedroom section displayed
2021-01-16 02:27:57,932 - com.nobroker.testcases.VerifyAbuseReport -INFO - Two BHK selected
2021-01-16 02:28:01,613 - com.nobroker.testcases.VerifyAbuseReport -INFO - Three BHK selected
2021-01-16 02:37:40,376 - com.nobroker.testcases.VerifyAbuseReport -INFO - initilizing framework
2021-01-16 02:37:56,161 - com.nobroker.testcases.VerifyAbuseReport -INFO - TimeOut:30
2021-01-16 02:38:02,326 - com.nobroker.testcases.VerifyAbuseReport -INFO - Testing
2021-01-16 02:38:02,911 - com.nobroker.testcases.VerifyAbuseReport -INFO - Buy option has been selected
2021-01-16 02:38:03,712 - com.nobroker.testcases.VerifyAbuseReport -INFO - clicked on the Search box
2021-01-16 02:38:06,102 - com.nobroker.testcases.VerifyAbuseReport -INFO - clicked on city drop down
2021-01-16 02:38:08,021 - com.nobroker.testcases.VerifyAbuseReport -INFO - Bangalore city has been selected
2021-01-16 02:38:29,118 - com.nobroker.testcases.VerifyAbuseReport -INFO - Marathalli selected
2021-01-16 02:38:33,247 - com.nobroker.testcases.VerifyAbuseReport -INFO - Marathalli has been selected as a locality
2021-01-16 02:38:55,030 - com.nobroker.testcases.VerifyAbuseReport -INFO - HSR has been selected as a locality
2021-01-16 02:39:22,449 - com.nobroker.testcases.VerifyAbuseReport -INFO - initilizing framework
2021-01-16 02:39:38,996 - com.nobroker.testcases.VerifyAbuseReport -INFO - TimeOut:30
2021-01-16 02:39:42,503 - com.nobroker.testcases.VerifyAbuseReport -INFO - Testing
2021-01-16 02:39:45,558 - com.nobroker.testcases.VerifyAbuseReport -INFO - Buy option has been selected
2021-01-16 02:39:46,358 - com.nobroker.testcases.VerifyAbuseReport -INFO - clicked on the Search box
2021-01-16 02:39:48,756 - com.nobroker.testcases.VerifyAbuseReport -INFO - clicked on city drop down
2021-01-16 02:39:50,720 - com.nobroker.testcases.VerifyAbuseReport -INFO - Bangalore city has been selected
2021-01-16 02:40:12,095 - com.nobroker.testcases.VerifyAbuseReport -INFO - Marathalli selected
2021-01-16 02:40:19,901 - com.nobroker.testcases.VerifyAbuseReport -INFO - Marathalli has been selected as a locality
2021-01-16 02:40:47,333 - com.nobroker.testcases.VerifyAbuseReport -INFO - HSR has been selected as a locality
2021-01-16 02:41:02,610 - com.nobroker.testcases.VerifyAbuseReport -INFO - Near by Radio btn clicked
2021-01-16 02:41:07,470 - com.nobroker.testcases.VerifyAbuseReport -INFO - Number of Bedroom section displayed
2021-01-16 02:41:10,024 - com.nobroker.testcases.VerifyAbuseReport -INFO - Two BHK selected
2021-01-16 02:41:12,456 - com.nobroker.testcases.VerifyAbuseReport -INFO - Three BHK selected
2021-01-16 03:15:15,539 - com.nobroker.testcases.VerifyAbuseReport -INFO - initilizing framework
2021-01-16 03:15:19,154 - com.nobroker.testcases.VerifyAbuseReport -INFO - initilizing framework
2021-01-16 03:15:36,338 - com.nobroker.testcases.VerifyAbuseReport -INFO - TimeOut:30
2021-01-16 03:15:41,136 - com.nobroker.testcases.VerifyAbuseReport -INFO - TimeOut:30
2021-01-16 03:15:42,854 - com.nobroker.testcases.VerifyAbuseReport -INFO - Testing
2021-01-16 03:20:36,056 - com.nobroker.testcases.VerifyAbuseReport -INFO - initilizing framework
2021-01-16 03:20:39,410 - com.nobroker.testcases.VerifyAbuseReport -INFO - initilizing framework
2021-01-16 03:20:55,256 - com.nobroker.testcases.VerifyAbuseReport -INFO - TimeOut:30
2021-01-16 03:21:00,326 - com.nobroker.testcases.VerifyAbuseReport -INFO - Testing
2021-01-16 03:21:01,919 - com.nobroker.testcases.VerifyAbuseReport -INFO - TimeOut:30
2021-01-16 03:21:30,443 - com.nobroker.testcases.VerifyAbuseReport -INFO - initilizing framework
2021-01-16 03:21:45,603 - com.nobroker.testcases.VerifyAbuseReport -INFO - TimeOut:30
2021-01-16 03:21:51,751 - com.nobroker.testcases.VerifyAbuseReport -INFO - Testing
2021-01-16 03:21:58,033 - com.nobroker.testcases.VerifyAbuseReport -INFO - Buy option has been selected
2021-01-16 03:21:58,321 - com.nobroker.testcases.VerifyAbuseReport -INFO - clicked on the Search box
2021-01-16 03:22:01,199 - com.nobroker.testcases.VerifyAbuseReport -INFO - clicked on city drop down
2021-01-16 03:22:03,077 - com.nobroker.testcases.VerifyAbuseReport -INFO - Bangalore city has been selected
2021-01-16 03:22:26,531 - com.nobroker.testcases.VerifyAbuseReport -INFO - Marathalli selected
2021-01-16 03:22:32,181 - com.nobroker.testcases.VerifyAbuseReport -INFO - Marathalli has been selected as a locality
2021-01-16 03:22:50,139 - com.nobroker.testcases.VerifyAbuseReport -INFO - HSR has been selected as a locality
2021-01-16 03:22:54,758 - com.nobroker.testcases.VerifyAbuseReport -INFO - Near by Radio btn clicked
2021-01-16 03:22:57,441 - com.nobroker.testcases.VerifyAbuseReport -INFO - Number of Bedroom section displayed
2021-01-16 03:22:59,929 - com.nobroker.testcases.VerifyAbuseReport -INFO - Two BHK selected
2021-01-16 03:23:02,937 - com.nobroker.testcases.VerifyAbuseReport -INFO - Three BHK selected
2021-01-16 03:23:27,361 - com.nobroker.testcases.VerifyAbuseReport -INFO - property selected
2021-01-16 03:24:09,741 - com.nobroker.pageobject.CommonElements -INFO - Option found where user want to click
2021-01-16 03:24:20,508 - com.nobroker.testcases.VerifyAbuseReport -INFO - clicked on the wrong info
2021-01-16 03:25:14,967 - com.nobroker.testcases.VerifyAbuseReport -INFO - initilizing framework
2021-01-16 03:25:19,419 - com.nobroker.testcases.VerifyAbuseReport -INFO - initilizing framework
2021-01-16 03:25:33,694 - com.nobroker.testcases.VerifyAbuseReport -INFO - TimeOut:30
2021-01-16 03:25:33,696 - com.nobroker.testcases.VerifyAbuseReport -INFO - TimeOut:30
2021-01-16 03:25:41,355 - com.nobroker.testcases.VerifyAbuseReport -INFO - Testing
2021-01-16 03:26:21,015 - com.nobroker.testcases.VerifyAbuseReport -INFO - initilizing framework
2021-01-16 03:26:33,848 - com.nobroker.testcases.VerifyAbuseReport -INFO - TimeOut:30
2021-01-16 03:26:39,691 - com.nobroker.testcases.VerifyAbuseReport -INFO - Testing
2021-01-16 03:26:59,145 - com.nobroker.testcases.VerifyAbuseReport -INFO - initilizing framework
2021-01-16 03:27:11,402 - com.nobroker.testcases.VerifyAbuseReport -INFO - initilizing framework
2021-01-16 03:27:26,383 - com.nobroker.testcases.VerifyAbuseReport -INFO - TimeOut:30
2021-01-16 03:27:31,936 - com.nobroker.testcases.VerifyAbuseReport -INFO - Testing
2021-01-16 03:27:35,784 - com.nobroker.testcases.VerifyAbuseReport -INFO - Buy option has been selected
2021-01-16 03:27:38,004 - com.nobroker.testcases.VerifyAbuseReport -INFO - clicked on the Search box
2021-01-16 03:27:39,044 - com.nobroker.testcases.VerifyAbuseReport -INFO - clicked on city drop down
2021-01-16 03:27:40,987 - com.nobroker.testcases.VerifyAbuseReport -INFO - Bangalore city has been selected
2021-01-16 03:28:00,258 - com.nobroker.testcases.VerifyAbuseReport -INFO - Marathalli selected
2021-01-16 03:28:04,982 - com.nobroker.testcases.VerifyAbuseReport -INFO - Marathalli has been selected as a locality
2021-01-16 03:28:21,172 - com.nobroker.testcases.VerifyAbuseReport -INFO - HSR has been selected as a locality
2021-01-16 03:28:25,367 - com.nobroker.testcases.VerifyAbuseReport -INFO - Near by Radio btn clicked
2021-01-16 03:28:27,880 - com.nobroker.testcases.VerifyAbuseReport -INFO - Number of Bedroom section displayed
2021-01-16 03:28:30,322 - com.nobroker.testcases.VerifyAbuseReport -INFO - Two BHK selected
2021-01-16 03:28:32,880 - com.nobroker.testcases.VerifyAbuseReport -INFO - Three BHK selected
2021-01-16 03:28:53,864 - com.nobroker.testcases.VerifyAbuseReport -INFO - property selected
2021-01-16 03:29:19,614 - com.nobroker.pageobject.CommonElements -INFO - Option found where user want to click
2021-01-16 03:29:22,686 - com.nobroker.testcases.VerifyAbuseReport -INFO - clicked on the wrong info
2021-01-16 03:32:28,203 - com.nobroker.testcases.VerifyAbuseReport -INFO - initilizing framework
2021-01-16 03:32:32,602 - com.nobroker.testcases.VerifyAbuseReport -INFO - initilizing framework
2021-01-16 03:32:46,590 - com.nobroker.testcases.VerifyAbuseReport -INFO - TimeOut:30
2021-01-16 03:32:46,592 - com.nobroker.testcases.VerifyAbuseReport -INFO - TimeOut:30
2021-01-16 03:32:52,649 - com.nobroker.testcases.VerifyAbuseReport -INFO - Testing
2021-01-16 03:33:10,968 - com.nobroker.testcases.VerifyAbuseReport -INFO - initilizing framework
2021-01-16 03:33:25,944 - com.nobroker.testcases.VerifyAbuseReport -INFO - TimeOut:30
2021-01-16 03:33:30,291 - com.nobroker.testcases.VerifyAbuseReport -INFO - Testing
2021-01-16 03:33:35,089 - com.nobroker.testcases.VerifyAbuseReport -INFO - Buy option has been selected
2021-01-16 03:33:37,404 - com.nobroker.testcases.VerifyAbuseReport -INFO - clicked on the Search box
2021-01-16 03:33:39,812 - com.nobroker.testcases.VerifyAbuseReport -INFO - clicked on city drop down
2021-01-16 03:33:45,724 - com.nobroker.testcases.VerifyAbuseReport -INFO - Bangalore city has been selected
2021-01-16 03:34:03,774 - com.nobroker.testcases.VerifyAbuseReport -INFO - Marathalli selected
2021-01-16 03:34:09,104 - com.nobroker.testcases.VerifyAbuseReport -INFO - Marathalli has been selected as a locality
2021-01-16 03:34:24,105 - com.nobroker.testcases.VerifyAbuseReport -INFO - HSR has been selected as a locality
2021-01-16 03:34:27,695 - com.nobroker.testcases.VerifyAbuseReport -INFO - Near by Radio btn clicked
2021-01-16 03:34:31,220 - com.nobroker.testcases.VerifyAbuseReport -INFO - Number of Bedroom section displayed
2021-01-16 03:34:33,863 - com.nobroker.testcases.VerifyAbuseReport -INFO - Two BHK selected
2021-01-16 03:34:36,532 - com.nobroker.testcases.VerifyAbuseReport -INFO - Three BHK selected
2021-01-16 03:34:55,668 - com.nobroker.testcases.VerifyAbuseReport -INFO - property selected
2021-01-16 03:35:21,450 - com.nobroker.pageobject.CommonElements -INFO - Option found where user want to click
2021-01-16 03:35:24,616 - com.nobroker.testcases.VerifyAbuseReport -INFO - clicked on the wrong info
2021-01-16 03:50:04,630 - com.nobroker.testcases.VerifyAbuseReport -INFO - initilizing framework
2021-01-16 03:50:07,635 - com.nobroker.testcases.VerifyAbuseReport -INFO - initilizing framework
2021-01-16 03:50:26,075 - com.nobroker.testcases.VerifyAbuseReport -INFO - TimeOut:30
2021-01-16 03:50:30,116 - com.nobroker.testcases.VerifyAbuseReport -INFO - TimeOut:30
2021-01-16 03:50:36,486 - com.nobroker.testcases.VerifyAbuseReport -INFO - Testing
2021-01-16 03:50:56,763 - com.nobroker.testcases.VerifyAbuseReport -INFO - initilizing framework
2021-01-16 03:51:11,818 - com.nobroker.testcases.VerifyAbuseReport -INFO - TimeOut:30
2021-01-16 03:51:11,843 - com.nobroker.testcases.VerifyAbuseReport -INFO - Testing
2021-01-16 03:51:18,449 - com.nobroker.testcases.VerifyAbuseReport -INFO - Buy option has been selected
2021-01-16 03:51:19,240 - com.nobroker.testcases.VerifyAbuseReport -INFO - clicked on the Search box
2021-01-16 03:51:21,694 - com.nobroker.testcases.VerifyAbuseReport -INFO - clicked on city drop down
2021-01-16 03:51:23,583 - com.nobroker.testcases.VerifyAbuseReport -INFO - Bangalore city has been selected
2021-01-16 03:51:28,465 - com.nobroker.testcases.VerifyAbuseReport -INFO - Marathalli selected
2021-01-16 03:51:34,834 - com.nobroker.testcases.VerifyAbuseReport -INFO - Marathalli has been selected as a locality
2021-01-16 03:51:40,814 - com.nobroker.testcases.VerifyAbuseReport -INFO - HSR has been selected as a locality
2021-01-16 03:51:41,797 - com.nobroker.testcases.VerifyAbuseReport -INFO - Near by Radio btn clicked
2021-01-16 03:51:42,444 - com.nobroker.testcases.VerifyAbuseReport -INFO - Number of Bedroom section displayed
2021-01-16 03:51:42,736 - com.nobroker.testcases.VerifyAbuseReport -INFO - Two BHK selected
2021-01-16 03:51:43,449 - com.nobroker.testcases.VerifyAbuseReport -INFO - Three BHK selected
2021-01-16 03:51:56,454 - com.nobroker.testcases.VerifyAbuseReport -INFO - property selected
2021-01-16 03:52:14,136 - com.nobroker.pageobject.CommonElements -INFO - Option found where user want to click
2021-01-16 03:52:14,624 - com.nobroker.testcases.VerifyAbuseReport -INFO - clicked on the wrong info
2021-01-16 03:52:20,882 - com.nobroker.testcases.VerifyAbuseReport -INFO - clicked on report btn
2021-01-16 03:52:34,554 - com.nobroker.testcases.VerifyAbuseReport -INFO - Test Message added
2021-01-16 03:52:35,377 - com.nobroker.testcases.VerifyAbuseReport -INFO - clicked on save change
2021-01-16 03:52:36,505 - com.nobroker.testcases.VerifyAbuseReport -INFO - Pop up has been verified
2021-01-16 03:52:36,505 - com.nobroker.testcases.VerifyAbuseReport -INFO - Done!!!
